<?xml version="1.0" encoding="UTF-8"?>
<!-- Generated by org.testng.reporters.JUnitXMLReporter -->
<testsuite ignored="0" hostname="MSI" failures="0" tests="4" name="Default test" time="0.07" errors="0" timestamp="2020-10-30T17:45:30 IST">
  <testcase classname="com.qa.tests.DemoMathTest" name="Div" time="0.017"/>
  <testcase classname="com.qa.tests.DemoMathTest" name="Mul" time="0.002"/>
  <testcase classname="com.qa.tests.DemoMathTest" name="sub" time="0.001"/>
  <testcase classname="com.qa.tests.DemoMathTest" name="sum" time="0.002"/>
</testsuite> <!-- Default test -->
