<?xml version="1.0" encoding="UTF-8"?>
<!-- Generated by org.testng.reporters.JUnitXMLReporter -->
<testsuite ignored="0" hostname="MSI" failures="0" tests="12" name="test Maven Demo Test" time="0.023" errors="0" timestamp="01 Nov 2020 15:42:28 GMT">
  <testcase classname="com.qa.tests.DemoMathTest" name="Div" time="0.005"/>
  <testcase classname="com.qa.tests.DemoMathTest" name="Mul" time="0.0"/>
  <testcase classname="com.qa.tests.DemoMathTest" name="sub" time="0.0"/>
  <testcase classname="com.qa.tests.DemoMathTest" name="sum" time="0.001"/>
  <testcase classname="com.qa.tests.DemoMathTest1" name="Div" time="0.001"/>
  <testcase classname="com.qa.tests.DemoMathTest1" name="Mul" time="0.0"/>
  <testcase classname="com.qa.tests.DemoMathTest1" name="sub" time="0.0"/>
  <testcase classname="com.qa.tests.DemoMathTest1" name="sum" time="0.0"/>
  <testcase classname="com.qa.tests.DemoMathTest2" name="Div" time="0.0"/>
  <testcase classname="com.qa.tests.DemoMathTest2" name="Mul" time="0.0"/>
  <testcase classname="com.qa.tests.DemoMathTest2" name="sub" time="0.0"/>
  <testcase classname="com.qa.tests.DemoMathTest2" name="sum" time="0.001"/>
</testsuite> <!-- test Maven Demo Test -->
