<?xml version="1.0" encoding="UTF-8"?>
<testng-results ignored="0" total="12" passed="12" failed="0" skipped="0">
  <reporter-output>
  </reporter-output>
  <suite started-at="2020-11-01T15:42:28Z" name="Suite1" finished-at="2020-11-01T15:42:28Z" duration-ms="23">
    <groups>
    </groups>
    <test started-at="2020-11-01T15:42:28Z" name="test Maven Demo Test" finished-at="2020-11-01T15:42:28Z" duration-ms="23">
      <class name="com.qa.tests.DemoMathTest">
        <test-method signature="Div()[pri:0, instance:com.qa.tests.DemoMathTest@37d4349f]" started-at="2020-11-01T15:42:28Z" name="Div" finished-at="2020-11-01T15:42:28Z" duration-ms="5" status="PASS">
          <reporter-output>
          </reporter-output>
        </test-method> <!-- Div -->
        <test-method signature="sum()[pri:0, instance:com.qa.tests.DemoMathTest@37d4349f]" started-at="2020-11-01T15:42:28Z" name="sum" finished-at="2020-11-01T15:42:28Z" duration-ms="1" status="PASS">
          <reporter-output>
          </reporter-output>
        </test-method> <!-- sum -->
        <test-method signature="sub()[pri:0, instance:com.qa.tests.DemoMathTest@37d4349f]" started-at="2020-11-01T15:42:28Z" name="sub" finished-at="2020-11-01T15:42:28Z" duration-ms="0" status="PASS">
          <reporter-output>
          </reporter-output>
        </test-method> <!-- sub -->
        <test-method signature="Mul()[pri:0, instance:com.qa.tests.DemoMathTest@37d4349f]" started-at="2020-11-01T15:42:28Z" name="Mul" finished-at="2020-11-01T15:42:28Z" duration-ms="0" status="PASS">
          <reporter-output>
          </reporter-output>
        </test-method> <!-- Mul -->
      </class> <!-- com.qa.tests.DemoMathTest -->
      <class name="com.qa.tests.DemoMathTest2">
        <test-method signature="Mul()[pri:0, instance:com.qa.tests.DemoMathTest2@6e0f5f7f]" started-at="2020-11-01T15:42:28Z" name="Mul" finished-at="2020-11-01T15:42:28Z" duration-ms="0" status="PASS">
          <reporter-output>
          </reporter-output>
        </test-method> <!-- Mul -->
        <test-method signature="sub()[pri:0, instance:com.qa.tests.DemoMathTest2@6e0f5f7f]" started-at="2020-11-01T15:42:28Z" name="sub" finished-at="2020-11-01T15:42:28Z" duration-ms="0" status="PASS">
          <reporter-output>
          </reporter-output>
        </test-method> <!-- sub -->
        <test-method signature="Div()[pri:0, instance:com.qa.tests.DemoMathTest2@6e0f5f7f]" started-at="2020-11-01T15:42:28Z" name="Div" finished-at="2020-11-01T15:42:28Z" duration-ms="0" status="PASS">
          <reporter-output>
          </reporter-output>
        </test-method> <!-- Div -->
        <test-method signature="sum()[pri:0, instance:com.qa.tests.DemoMathTest2@6e0f5f7f]" started-at="2020-11-01T15:42:28Z" name="sum" finished-at="2020-11-01T15:42:28Z" duration-ms="1" status="PASS">
          <reporter-output>
          </reporter-output>
        </test-method> <!-- sum -->
      </class> <!-- com.qa.tests.DemoMathTest2 -->
      <class name="com.qa.tests.DemoMathTest1">
        <test-method signature="Div()[pri:0, instance:com.qa.tests.DemoMathTest1@434a63ab]" started-at="2020-11-01T15:42:28Z" name="Div" finished-at="2020-11-01T15:42:28Z" duration-ms="1" status="PASS">
          <reporter-output>
          </reporter-output>
        </test-method> <!-- Div -->
        <test-method signature="sum()[pri:0, instance:com.qa.tests.DemoMathTest1@434a63ab]" started-at="2020-11-01T15:42:28Z" name="sum" finished-at="2020-11-01T15:42:28Z" duration-ms="0" status="PASS">
          <reporter-output>
          </reporter-output>
        </test-method> <!-- sum -->
        <test-method signature="Mul()[pri:0, instance:com.qa.tests.DemoMathTest1@434a63ab]" started-at="2020-11-01T15:42:28Z" name="Mul" finished-at="2020-11-01T15:42:28Z" duration-ms="0" status="PASS">
          <reporter-output>
          </reporter-output>
        </test-method> <!-- Mul -->
        <test-method signature="sub()[pri:0, instance:com.qa.tests.DemoMathTest1@434a63ab]" started-at="2020-11-01T15:42:28Z" name="sub" finished-at="2020-11-01T15:42:28Z" duration-ms="0" status="PASS">
          <reporter-output>
          </reporter-output>
        </test-method> <!-- sub -->
      </class> <!-- com.qa.tests.DemoMathTest1 -->
    </test> <!-- test Maven Demo Test -->
  </suite> <!-- Suite1 -->
</testng-results>
