<?xml version="1.0" encoding="UTF-8"?>
<testng-results ignored="0" total="4" passed="4" failed="0" skipped="0">
  <reporter-output>
  </reporter-output>
  <suite started-at="2020-10-30T17:45:30 IST" name="Default suite" finished-at="2020-10-30T17:45:30 IST" duration-ms="70">
    <groups>
    </groups>
    <test started-at="2020-10-30T17:45:30 IST" name="Default test" finished-at="2020-10-30T17:45:30 IST" duration-ms="70">
      <class name="com.qa.tests.DemoMathTest">
        <test-method signature="Div()[pri:0, instance:com.qa.tests.DemoMathTest@7a4ccb53]" started-at="2020-10-30T17:45:30 IST" name="Div" finished-at="2020-10-30T17:45:30 IST" duration-ms="17" status="PASS">
          <reporter-output>
          </reporter-output>
        </test-method> <!-- Div -->
        <test-method signature="Mul()[pri:0, instance:com.qa.tests.DemoMathTest@7a4ccb53]" started-at="2020-10-30T17:45:30 IST" name="Mul" finished-at="2020-10-30T17:45:30 IST" duration-ms="2" status="PASS">
          <reporter-output>
          </reporter-output>
        </test-method> <!-- Mul -->
        <test-method signature="sub()[pri:0, instance:com.qa.tests.DemoMathTest@7a4ccb53]" started-at="2020-10-30T17:45:30 IST" name="sub" finished-at="2020-10-30T17:45:30 IST" duration-ms="1" status="PASS">
          <reporter-output>
          </reporter-output>
        </test-method> <!-- sub -->
        <test-method signature="sum()[pri:0, instance:com.qa.tests.DemoMathTest@7a4ccb53]" started-at="2020-10-30T17:45:30 IST" name="sum" finished-at="2020-10-30T17:45:30 IST" duration-ms="2" status="PASS">
          <reporter-output>
          </reporter-output>
        </test-method> <!-- sum -->
      </class> <!-- com.qa.tests.DemoMathTest -->
    </test> <!-- Default test -->
  </suite> <!-- Default suite -->
</testng-results>
